# JRE version: OpenJDK Runtime Environment (8.0_212-b04) (build 1.8.0_212-release-1586-b04)
# Java VM: OpenJDK 64-Bit Server VM (25.212-b04 mixed mode windows-amd64 compressed oops)
Heap:
 PSYoungGen      total 142336K, used 141928K [0x00000000e0000000, 0x00000000eb180000, 0x0000000100000000)
  eden space 121344K, 100% used [0x00000000e0000000,0x00000000e7680000,0x00000000e7680000)
  from space 20992K, 98% used [0x00000000e7980000,0x00000000e8d9a0a0,0x00000000e8e00000)
  to   space 30208K, 51% used [0x00000000e9400000,0x00000000ea356090,0x00000000eb180000)
 ParOldGen       total 148480K, used 47724K [0x00000000a0000000, 0x00000000a9100000, 0x00000000e0000000)
  object space 148480K, 32% used [0x00000000a0000000,0x00000000a2e9b180,0x00000000a9100000)
 Metaspace       used 85043K, capacity 89288K, committed 89600K, reserved 1126400K
  class space    used 11433K, capacity 12209K, committed 12288K, reserved 1048576K
GC Heap History (10 events):
Event: 58.855 GC heap after
Heap after GC invocations=20 (full 3):
 PSYoungGen      total 145408K, used 18431K [0x00000000e0000000, 0x00000000eaf00000, 0x0000000100000000)
  eden space 126976K, 0% used [0x00000000e0000000,0x00000000e0000000,0x00000000e7c00000)
  from space 18432K, 99% used [0x00000000e7c00000,0x00000000e8dffc00,0x00000000e8e00000)
  to   space 21504K, 0% used [0x00000000e9a00000,0x00000000e9a00000,0x00000000eaf00000)
 ParOldGen       total 148480K, used 33260K [0x00000000a0000000, 0x00000000a9100000, 0x00000000e0000000)
  object space 148480K, 22% used [0x00000000a0000000,0x00000000a207b128,0x00000000a9100000)
 Metaspace       used 66983K, capacity 69572K, committed 69760K, reserved 1110016K
  class space    used 9225K, capacity 9769K, committed 9856K, reserved 1048576K
}
Event: 64.724 GC heap before
{Heap before GC invocations=21 (full 3):
 PSYoungGen      total 145408K, used 145407K [0x00000000e0000000, 0x00000000eaf00000, 0x0000000100000000)
  eden space 126976K, 100% used [0x00000000e0000000,0x00000000e7c00000,0x00000000e7c00000)
  from space 18432K, 99% used [0x00000000e7c00000,0x00000000e8dffc00,0x00000000e8e00000)
  to   space 21504K, 0% used [0x00000000e9a00000,0x00000000e9a00000,0x00000000eaf00000)
 ParOldGen       total 148480K, used 33260K [0x00000000a0000000, 0x00000000a9100000, 0x00000000e0000000)
  object space 148480K, 22% used [0x00000000a0000000,0x00000000a207b128,0x00000000a9100000)
 Metaspace       used 77018K, capacity 80634K, committed 80896K, reserved 1118208K
  class space    used 10702K, capacity 11422K, committed 11520K, reserved 1048576K
Event: 64.757 GC heap after
Heap after GC invocations=21 (full 3):
 PSYoungGen      total 152064K, used 21481K [0x00000000e0000000, 0x00000000ebd80000, 0x0000000100000000)
  eden space 130560K, 0% used [0x00000000e0000000,0x00000000e0000000,0x00000000e7f80000)
  from space 21504K, 99% used [0x00000000e9a00000,0x00000000eaefa7e0,0x00000000eaf00000)
  to   space 27136K, 0% used [0x00000000e7f80000,0x00000000e7f80000,0x00000000e9a00000)
 ParOldGen       total 148480K, used 39905K [0x00000000a0000000, 0x00000000a9100000, 0x00000000e0000000)
  object space 148480K, 26% used [0x00000000a0000000,0x00000000a26f86e0,0x00000000a9100000)
 Metaspace       used 77018K, capacity 80634K, committed 80896K, reserved 1118208K
  class space    used 10702K, capacity 11422K, committed 11520K, reserved 1048576K
}
Event: 740.985 GC heap before
{Heap before GC invocations=22 (full 3):
 PSYoungGen      total 152064K, used 152041K [0x00000000e0000000, 0x00000000ebd80000, 0x0000000100000000)
  eden space 130560K, 100% used [0x00000000e0000000,0x00000000e7f80000,0x00000000e7f80000)
  from space 21504K, 99% used [0x00000000e9a00000,0x00000000eaefa7e0,0x00000000eaf00000)
  to   space 27136K, 0% used [0x00000000e7f80000,0x00000000e7f80000,0x00000000e9a00000)
 ParOldGen       total 148480K, used 39905K [0x00000000a0000000, 0x00000000a9100000, 0x00000000e0000000)
  object space 148480K, 26% used [0x00000000a0000000,0x00000000a26f86e0,0x00000000a9100000)
 Metaspace       used 83191K, capacity 86986K, committed 87168K, reserved 1124352K
  class space    used 11343K, capacity 12078K, committed 12160K, reserved 1048576K
Event: 741.009 GC heap after
Heap after GC invocations=22 (full 3):
 PSYoungGen      total 154624K, used 24346K [0x00000000e0000000, 0x00000000eb780000, 0x0000000100000000)
  eden space 127488K, 0% used [0x00000000e0000000,0x00000000e0000000,0x00000000e7c80000)
  from space 27136K, 89% used [0x00000000e7f80000,0x00000000e97468f0,0x00000000e9a00000)
  to   space 30208K, 0% used [0x00000000e9a00000,0x00000000e9a00000,0x00000000eb780000)
 ParOldGen       total 148480K, used 47700K [0x00000000a0000000, 0x00000000a9100000, 0x00000000e0000000)
  object space 148480K, 32% used [0x00000000a0000000,0x00000000a2e95180,0x00000000a9100000)
 Metaspace       used 83191K, capacity 86986K, committed 87168K, reserved 1124352K
  class space    used 11343K, capacity 12078K, committed 12160K, reserved 1048576K
}
Event: 826.547 GC heap before
{Heap before GC invocations=23 (full 3):
 PSYoungGen      total 154624K, used 151834K [0x00000000e0000000, 0x00000000eb780000, 0x0000000100000000)
  eden space 127488K, 100% used [0x00000000e0000000,0x00000000e7c80000,0x00000000e7c80000)
  from space 27136K, 89% used [0x00000000e7f80000,0x00000000e97468f0,0x00000000e9a00000)
  to   space 30208K, 0% used [0x00000000e9a00000,0x00000000e9a00000,0x00000000eb780000)
 ParOldGen       total 148480K, used 47700K [0x00000000a0000000, 0x00000000a9100000, 0x00000000e0000000)
  object space 148480K, 32% used [0x00000000a0000000,0x00000000a2e95180,0x00000000a9100000)
 Metaspace       used 83896K, capacity 87810K, committed 87936K, reserved 1124352K
  class space    used 11380K, capacity 12116K, committed 12160K, reserved 1048576K
Event: 826.564 GC heap after
Heap after GC invocations=23 (full 3):
 PSYoungGen      total 149504K, used 16056K [0x00000000e0000000, 0x00000000eb280000, 0x0000000100000000)
  eden space 124416K, 0% used [0x00000000e0000000,0x00000000e0000000,0x00000000e7980000)
  from space 25088K, 63% used [0x00000000e9a00000,0x00000000ea9ae070,0x00000000eb280000)
  to   space 29184K, 0% used [0x00000000e7980000,0x00000000e7980000,0x00000000e9600000)
 ParOldGen       total 148480K, used 47708K [0x00000000a0000000, 0x00000000a9100000, 0x00000000e0000000)
  object space 148480K, 32% used [0x00000000a0000000,0x00000000a2e97180,0x00000000a9100000)
 Metaspace       used 83896K, capacity 87810K, committed 87936K, reserved 1124352K
  class space    used 11380K, capacity 12116K, committed 12160K, reserved 1048576K
}
Event: 836.575 GC heap before
{Heap before GC invocations=24 (full 3):
 PSYoungGen      total 149504K, used 140472K [0x00000000e0000000, 0x00000000eb280000, 0x0000000100000000)
  eden space 124416K, 100% used [0x00000000e0000000,0x00000000e7980000,0x00000000e7980000)
  from space 25088K, 63% used [0x00000000e9a00000,0x00000000ea9ae070,0x00000000eb280000)
  to   space 29184K, 0% used [0x00000000e7980000,0x00000000e7980000,0x00000000e9600000)
 ParOldGen       total 148480K, used 47708K [0x00000000a0000000, 0x00000000a9100000, 0x00000000e0000000)
  object space 148480K, 32% used [0x00000000a0000000,0x00000000a2e97180,0x00000000a9100000)
 Metaspace       used 84377K, capacity 88500K, committed 88832K, reserved 1126400K
  class space    used 11408K, capacity 12167K, committed 12288K, reserved 1048576K
Event: 836.595 GC heap after
Heap after GC invocations=24 (full 3):
 PSYoungGen      total 142336K, used 20584K [0x00000000e0000000, 0x00000000eb180000, 0x0000000100000000)
  eden space 121344K, 0% used [0x00000000e0000000,0x00000000e0000000,0x00000000e7680000)
  from space 20992K, 98% used [0x00000000e7980000,0x00000000e8d9a0a0,0x00000000e8e00000)
  to   space 30208K, 0% used [0x00000000e9400000,0x00000000e9400000,0x00000000eb180000)
 ParOldGen       total 148480K, used 47716K [0x00000000a0000000, 0x00000000a9100000, 0x00000000e0000000)
  object space 148480K, 32% used [0x00000000a0000000,0x00000000a2e99180,0x00000000a9100000)
 Metaspace       used 84377K, capacity 88500K, committed 88832K, reserved 1126400K
  class space    used 11408K, capacity 12167K, committed 12288K, reserved 1048576K
}
Event: 2534.512 GC heap before
{Heap before GC invocations=25 (full 3):
 PSYoungGen      total 142336K, used 141928K [0x00000000e0000000, 0x00000000eb180000, 0x0000000100000000)
  eden space 121344K, 100% used [0x00000000e0000000,0x00000000e7680000,0x00000000e7680000)
  from space 20992K, 98% used [0x00000000e7980000,0x00000000e8d9a0a0,0x00000000e8e00000)
  to   space 30208K, 0% used [0x00000000e9400000,0x00000000e9400000,0x00000000eb180000)
 ParOldGen       total 148480K, used 47716K [0x00000000a0000000, 0x00000000a9100000, 0x00000000e0000000)
  object space 148480K, 32% used [0x00000000a0000000,0x00000000a2e99180,0x00000000a9100000)
 Metaspace       used 85043K, capacity 89288K, committed 89600K, reserved 1126400K
  class space    used 11433K, capacity 12209K, committed 12288K, reserved 1048576K

